<?xml version="1.0" encoding="UTF-8"?>
<!-- Generated by org.testng.reporters.JUnitReportReporter -->
<testsuite hostname="LAPTOP-RLBPP581" failures="0" tests="2" name="Test.VerifyTimeTrackandTaskTab" time="17.373" errors="0" timestamp="2022-02-02T13:27:59 IST" skipped="0">
  <testcase classname="Test.VerifyTimeTrackandTaskTab" name="ToVerifyTaskTab" time="7.419"/>
  <system-out/>
  <testcase classname="Test.VerifyTimeTrackandTaskTab" name="ToVerifyTimeTrackTab" time="9.954"/>
  <system-out/>
</testsuite> <!-- Test.VerifyTimeTrackandTaskTab -->
